
Feb  2 12:08 [henear-3300-7050.fits]: henear 3500A
  5852.479  44148.29  6909746.    -156.5  3954337.     1.642        0.

Feb  2 12:10 [henear-3300-11100.fits]: henear 3500A
  5852.489  57544.29  6901775.    -119.9  3919637.     1.654        0.

Feb 22 15:45 [cuar-3000-7050.fits]: 3250A
    center      cont      flux       eqw      core     gfwhm     lfwhm
  6032.104  2826.847   28339.2    -10.03   36970.1    0.7201        0.
  6043.224   494.156   13085.6    -26.48   16769.2    0.7331        0.
  6052.733  233.7693   2913.44    -12.46   3646.05    0.7507        0.
  6059.394   494.156   6308.81    -12.77   8363.26    0.7087        0.
  6090.778   298.481   787.606    -2.639   1148.47    0.6443        0.
  6098.796  882.4245   2580.69    -2.925    3728.3    0.6503        0.

Feb 26 17:17 [cuar-3000-7050.fits]: 3250A
    center      cont      flux       eqw      core     gfwhm     lfwhm
  4764.853    183.58   10145.5    -55.26   12067.9    0.7898        0.

Feb 27 16:44 [henear-3300-7050.fits]: henear 3500A
  6096.155  98969.94  1383806.    -13.98   874944.     1.486        0.
  6139.696  127169.5 -4588855.     36.08  -121947.     35.35        0.
  6382.965  98969.94  1810535.    -18.29  1178065.     1.444        0.
   6678.01  1257161. 21725617.    -17.28 13554962.     1.506        0.
