
Mar 23 16:37 [wecfzsto_0085_HD177409_G1200M2_slit103.fits]: HD177409
    center      cont      flux       eqw      core     gfwhm     lfwhm
   4850.29  108059.2  -135139.     1.251  -51441.7     2.468        0.
   4971.39  137954.5  -62889.9    0.4559  -21671.7     2.726        0.

Mar 23 16:38 [wecfzsto_0109_HD177409_G1200M2_slit103.fits]: HD177409
  4850.255   394354.  -495610.     1.257  -187880.     2.478        0.
  4971.271  434127.8  -164569.    0.3791  -59781.2     2.586        0.

Mar 23 16:40 [wecfzsto_0171_HD177409_G1200M2_slit103.fits]: HD177409
   4849.69   274714.  -350152.     1.275  -124938.     2.633        0.
  4971.138  298231.1  -175083.    0.5871   -49205.     3.343        0.

Mar 23 17:08 [wecfzsto_0085_HD177409_G1200M2_slit103.fits]: HD177409
  4994.457  136963.6   -27911.    0.2038  -20724.2     1.265        0.
   4971.39  134969.9  -50647.5    0.3753  -18687.1     2.546        0.

Mar 26 10:52 [wecfzsto_0085_HD177409_G1200M2_slit103.fits]: HD177409
    center      cont      flux       eqw      core     gfwhm     lfwhm
  4823.971   119801.   -20334.    0.1697  -12832.1     1.489        0.
  4957.375  141915.1  -74103.6    0.5222   -47142.     1.477        0.

Mar 26 10:54 [wecfzsto_0109_HD177409_G1200M2_slit103.fits]: HD177409
  4823.542  442575.4  -56749.3    0.1282  -36397.3     1.465        0.
  4956.843  451376.7  -206159.    0.4567  -123889.     1.563        0.

Mar 26 10:55 [wecfzsto_0171_HD177409_G1200M2_slit103.fits]: HD177409
  4823.223  320629.9  -68119.3    0.2125  -33602.9     1.904        0.
  4956.568  312539.4  -171464.    0.5486  -85193.7     1.891        0.
